<?xml version="1.0" encoding="UTF-8"?>
<testsuite name="com.mctlhg.springboot.web.IndexControllerTest" tests="1" skipped="0" failures="0" errors="0" timestamp="2022-04-05T05:46:02" hostname="DESKTOP-V9KC9U2" time="0.133">
  <properties/>
  <testcase name="load_MainHTMLpage" classname="com.mctlhg.springboot.web.IndexControllerTest" time="0.133"/>
  <system-out><![CDATA[2022-04-05 14:46:00.949  INFO 30120 --- [    Test worker] .b.t.c.SpringBootTestContextBootstrapper : Neither @ContextConfiguration nor @ContextHierarchy found for test class [com.mctlhg.springboot.web.IndexControllerTest], using SpringBootContextLoader
2022-04-05 14:46:00.950  INFO 30120 --- [    Test worker] o.s.t.c.support.AbstractContextLoader    : Could not detect default resource locations for test class [com.mctlhg.springboot.web.IndexControllerTest]: no resource found for suffixes {-context.xml, Context.groovy}.
2022-04-05 14:46:00.950  INFO 30120 --- [    Test worker] t.c.s.AnnotationConfigContextLoaderUtils : Could not detect default configuration classes for test class [com.mctlhg.springboot.web.IndexControllerTest]: IndexControllerTest does not declare any static, non-private, non-final, nested classes annotated with @Configuration.
2022-04-05 14:46:00.951  INFO 30120 --- [    Test worker] .b.t.c.SpringBootTestContextBootstrapper : Found @SpringBootConfiguration com.mctlhg.springboot.Application for test class com.mctlhg.springboot.web.IndexControllerTest
2022-04-05 14:46:00.952  INFO 30120 --- [    Test worker] .b.t.c.SpringBootTestContextBootstrapper : Loaded default TestExecutionListener class names from location [META-INF/spring.factories]: [org.springframework.security.test.context.support.WithSecurityContextTestExecutionListener, org.springframework.security.test.context.support.ReactorContextTestExecutionListener, org.springframework.boot.test.autoconfigure.restdocs.RestDocsTestExecutionListener, org.springframework.boot.test.autoconfigure.web.client.MockRestServiceServerResetTestExecutionListener, org.springframework.boot.test.autoconfigure.web.servlet.MockMvcPrintOnlyOnFailureTestExecutionListener, org.springframework.boot.test.autoconfigure.web.servlet.WebDriverTestExecutionListener, org.springframework.boot.test.autoconfigure.webservices.client.MockWebServiceServerTestExecutionListener, org.springframework.boot.test.mock.mockito.MockitoTestExecutionListener, org.springframework.boot.test.mock.mockito.ResetMocksTestExecutionListener, org.springframework.test.context.web.ServletTestExecutionListener, org.springframework.test.context.support.DirtiesContextBeforeModesTestExecutionListener, org.springframework.test.context.event.ApplicationEventsTestExecutionListener, org.springframework.test.context.support.DependencyInjectionTestExecutionListener, org.springframework.test.context.support.DirtiesContextTestExecutionListener, org.springframework.test.context.transaction.TransactionalTestExecutionListener, org.springframework.test.context.jdbc.SqlScriptsTestExecutionListener, org.springframework.test.context.event.EventPublishingTestExecutionListener]
2022-04-05 14:46:00.953  INFO 30120 --- [    Test worker] .b.t.c.SpringBootTestContextBootstrapper : Using TestExecutionListeners: [org.springframework.test.context.web.ServletTestExecutionListener@3509d04a, org.springframework.test.context.support.DirtiesContextBeforeModesTestExecutionListener@5b2936ce, org.springframework.test.context.event.ApplicationEventsTestExecutionListener@19a5249, org.springframework.boot.test.mock.mockito.MockitoTestExecutionListener@5a6975aa, org.springframework.boot.test.autoconfigure.SpringBootDependencyInjectionTestExecutionListener@2199752d, org.springframework.test.context.support.DirtiesContextTestExecutionListener@3314a896, org.springframework.test.context.transaction.TransactionalTestExecutionListener@604fbca7, org.springframework.test.context.jdbc.SqlScriptsTestExecutionListener@719a5121, org.springframework.security.test.context.support.WithSecurityContextTestExecutionListener@1b407222, org.springframework.test.context.event.EventPublishingTestExecutionListener@d8629c4, org.springframework.security.test.context.support.ReactorContextTestExecutionListener@10310657, org.springframework.boot.test.autoconfigure.restdocs.RestDocsTestExecutionListener@33814e29, org.springframework.boot.test.autoconfigure.web.client.MockRestServiceServerResetTestExecutionListener@2bc8eb19, org.springframework.boot.test.autoconfigure.web.servlet.MockMvcPrintOnlyOnFailureTestExecutionListener@173c2fad, org.springframework.boot.test.autoconfigure.web.servlet.WebDriverTestExecutionListener@fa790a3, org.springframework.boot.test.autoconfigure.webservices.client.MockWebServiceServerTestExecutionListener@36ee7778, org.springframework.boot.test.mock.mockito.ResetMocksTestExecutionListener@5a12c29f]

  .   ____          _            __ _ _
 /\\ / ___'_ __ _ _(_)_ __  __ _ \ \ \ \
( ( )\___ | '_ | '_| | '_ \/ _` | \ \ \ \
 \\/  ___)| |_)| | | | | || (_| |  ) ) ) )
  '  |____| .__|_| |_|_| |_\__, | / / / /
 =========|_|==============|___/=/_/_/_/
 :: Spring Boot ::                (v2.5.5)

2022-04-05 14:46:00.989  INFO 30120 --- [    Test worker] c.m.springboot.web.IndexControllerTest   : Starting IndexControllerTest using Java 16.0.2 on DESKTOP-V9KC9U2 with PID 30120 (started by minsa in C:\mygit2\springboot_aws\ch01\hello_springboot)
2022-04-05 14:46:00.989  INFO 30120 --- [    Test worker] c.m.springboot.web.IndexControllerTest   : No active profile set, falling back to default profiles: default
2022-04-05 14:46:01.158  INFO 30120 --- [    Test worker] .s.d.r.c.RepositoryConfigurationDelegate : Bootstrapping Spring Data JPA repositories in DEFAULT mode.
2022-04-05 14:46:01.176  INFO 30120 --- [    Test worker] .s.d.r.c.RepositoryConfigurationDelegate : Finished Spring Data repository scanning in 17 ms. Found 2 JPA repository interfaces.
2022-04-05 14:46:01.417  INFO 30120 --- [    Test worker] o.s.b.w.embedded.tomcat.TomcatWebServer  : Tomcat initialized with port(s): 0 (http)
2022-04-05 14:46:01.428  INFO 30120 --- [    Test worker] o.apache.catalina.core.StandardService   : Starting service [Tomcat]
2022-04-05 14:46:01.430  INFO 30120 --- [    Test worker] org.apache.catalina.core.StandardEngine  : Starting Servlet engine: [Apache Tomcat/9.0.53]
2022-04-05 14:46:01.545  INFO 30120 --- [    Test worker] o.a.c.c.C.[Tomcat].[localhost].[/]       : Initializing Spring embedded WebApplicationContext
2022-04-05 14:46:01.545  INFO 30120 --- [    Test worker] w.s.c.ServletWebServerApplicationContext : Root WebApplicationContext: initialization completed in 552 ms
2022-04-05 14:46:01.563  INFO 30120 --- [    Test worker] com.zaxxer.hikari.HikariDataSource       : HikariPool-2 - Starting...
2022-04-05 14:46:01.566  INFO 30120 --- [    Test worker] com.zaxxer.hikari.HikariDataSource       : HikariPool-2 - Start completed.
2022-04-05 14:46:01.566  INFO 30120 --- [    Test worker] o.s.b.a.h2.H2ConsoleAutoConfiguration    : H2 console available at '/h2-console'. Database available at 'jdbc:h2:mem:bec543fd-4fa7-4f71-95ce-4da55a895601'
2022-04-05 14:46:01.691  INFO 30120 --- [    Test worker] o.hibernate.jpa.internal.util.LogHelper  : HHH000204: Processing PersistenceUnitInfo [name: default]
2022-04-05 14:46:01.700  INFO 30120 --- [    Test worker] org.hibernate.dialect.Dialect            : HHH000400: Using dialect: org.hibernate.dialect.H2Dialect
Hibernate: drop table if exists posts CASCADE 
Hibernate: drop table if exists user CASCADE 
Hibernate: create table posts (id bigint generated by default as identity, created_date timestamp, modified_date timestamp, author varchar(255), content TEXT not null, title varchar(500) not null, primary key (id))
Hibernate: create table user (id bigint generated by default as identity, created_date timestamp, modified_date timestamp, email varchar(255) not null, name varchar(255) not null, picture varchar(255), role varchar(255) not null, primary key (id))
2022-04-05 14:46:01.748  INFO 30120 --- [    Test worker] o.h.e.t.j.p.i.JtaPlatformInitiator       : HHH000490: Using JtaPlatform implementation: [org.hibernate.engine.transaction.jta.platform.internal.NoJtaPlatform]
2022-04-05 14:46:01.748  INFO 30120 --- [    Test worker] j.LocalContainerEntityManagerFactoryBean : Initialized JPA EntityManagerFactory for persistence unit 'default'
2022-04-05 14:46:01.941  WARN 30120 --- [    Test worker] JpaBaseConfiguration$JpaWebConfiguration : spring.jpa.open-in-view is enabled by default. Therefore, database queries may be performed during view rendering. Explicitly configure spring.jpa.open-in-view to disable this warning
2022-04-05 14:46:02.072  INFO 30120 --- [    Test worker] o.s.s.web.DefaultSecurityFilterChain     : Will secure any request with [org.springframework.security.web.context.request.async.WebAsyncManagerIntegrationFilter@610df9cb, org.springframework.security.web.context.SecurityContextPersistenceFilter@2b4904dc, org.springframework.security.web.header.HeaderWriterFilter@7ee72676, org.springframework.security.web.authentication.logout.LogoutFilter@4ea8ef69, org.springframework.security.oauth2.client.web.OAuth2AuthorizationRequestRedirectFilter@779ed922, org.springframework.security.oauth2.client.web.OAuth2LoginAuthenticationFilter@51b701d8, org.springframework.security.web.authentication.ui.DefaultLoginPageGeneratingFilter@731b1b2, org.springframework.security.web.authentication.ui.DefaultLogoutPageGeneratingFilter@10dcccf1, org.springframework.security.web.savedrequest.RequestCacheAwareFilter@680856e4, org.springframework.security.web.servletapi.SecurityContextHolderAwareRequestFilter@2f1b0905, org.springframework.security.web.authentication.AnonymousAuthenticationFilter@118a5001, org.springframework.security.web.session.SessionManagementFilter@473de7eb, org.springframework.security.web.access.ExceptionTranslationFilter@142ae514, org.springframework.security.web.access.intercept.FilterSecurityInterceptor@15ec8982]
2022-04-05 14:46:02.178  INFO 30120 --- [    Test worker] o.s.b.a.w.s.WelcomePageHandlerMapping    : Adding welcome page template: index
2022-04-05 14:46:02.320  INFO 30120 --- [    Test worker] o.s.b.w.embedded.tomcat.TomcatWebServer  : Tomcat started on port(s): 51352 (http) with context path ''
2022-04-05 14:46:02.322  INFO 30120 --- [    Test worker] s.a.ScheduledAnnotationBeanPostProcessor : No TaskScheduler/ScheduledExecutorService bean found for scheduled processing
2022-04-05 14:46:02.323  INFO 30120 --- [    Test worker] c.m.springboot.web.IndexControllerTest   : Started IndexControllerTest in 1.367 seconds (JVM running for 7.865)
2022-04-05 14:46:02.395  INFO 30120 --- [o-auto-1-exec-1] o.a.c.c.C.[Tomcat].[localhost].[/]       : Initializing Spring DispatcherServlet 'dispatcherServlet'
2022-04-05 14:46:02.395  INFO 30120 --- [o-auto-1-exec-1] o.s.web.servlet.DispatcherServlet        : Initializing Servlet 'dispatcherServlet'
2022-04-05 14:46:02.396  INFO 30120 --- [o-auto-1-exec-1] o.s.web.servlet.DispatcherServlet        : Completed initialization in 1 ms
Hibernate: select posts0_.id as id1_0_, posts0_.created_date as created_2_0_, posts0_.modified_date as modified3_0_, posts0_.author as author4_0_, posts0_.content as content5_0_, posts0_.title as title6_0_ from posts posts0_ order by posts0_.id DESC
]]></system-out>
  <system-err><![CDATA[]]></system-err>
</testsuite>
